<?xml version="1.0" encoding="UTF-8"?>
<testng-results skipped="0" failed="0" total="1" passed="1">
  <reporter-output>
  </reporter-output>
  <suite name="Default suite" duration-ms="4144" started-at="2020-06-11T10:21:50Z" finished-at="2020-06-11T10:21:54Z">
    <groups>
    </groups>
    <test name="Default test" duration-ms="4144" started-at="2020-06-11T10:21:50Z" finished-at="2020-06-11T10:21:54Z">
      <class name="com.rmgyantra.project.AddProjectWithCompleted">
        <test-method status="PASS" signature="config()[pri:0, instance:com.rmgyantra.project.AddProjectWithCompleted@1593948d]" name="config" is-config="true" duration-ms="1076" started-at="2020-06-11T15:51:49Z" finished-at="2020-06-11T15:51:50Z">
          <reporter-output>
          </reporter-output>
        </test-method> <!-- config -->
        <test-method status="PASS" signature="addProjectONGoingStatusTest()[pri:0, instance:com.rmgyantra.project.AddProjectWithCompleted@1593948d]" name="addProjectONGoingStatusTest" duration-ms="4123" started-at="2020-06-11T15:51:50Z" finished-at="2020-06-11T15:51:54Z">
          <reporter-output>
          </reporter-output>
        </test-method> <!-- addProjectONGoingStatusTest -->
        <test-method status="PASS" signature="afterSuite()[pri:0, instance:com.rmgyantra.project.AddProjectWithCompleted@1593948d]" name="afterSuite" is-config="true" duration-ms="5" started-at="2020-06-11T15:51:54Z" finished-at="2020-06-11T15:51:54Z">
          <reporter-output>
          </reporter-output>
        </test-method> <!-- afterSuite -->
      </class> <!-- com.rmgyantra.project.AddProjectWithCompleted -->
    </test> <!-- Default test -->
  </suite> <!-- Default suite -->
</testng-results>
